<?xml version="1.0" encoding="UTF-8"?>
<!-- Generated by org.testng.reporters.JUnitXMLReporter -->
<testsuite ignored="0" hostname="DESKTOP-1UR8HFJ" failures="0" tests="24" name="StoreTest" time="42.703" errors="0" timestamp="2024-10-26T22:26:26 IST">
  <testcase classname="api.test.StoreDataDrivenTest" name="createStoreTest" time="4.022"/>
  <testcase classname="api.test.StoreDataDrivenTest" name="createStoreTest" time="1.305"/>
  <testcase classname="api.test.StoreDataDrivenTest" name="createStoreTest" time="1.308"/>
  <testcase classname="api.test.StoreDataDrivenTest" name="createStoreTest" time="1.269"/>
  <testcase classname="api.test.StoreDataDrivenTest" name="createStoreTest" time="1.294"/>
  <testcase classname="api.test.StoreDataDrivenTest" name="createStoreTest" time="2.369"/>
  <testcase classname="api.test.StoreDataDrivenTest" name="createStoreTest" time="1.335"/>
  <testcase classname="api.test.StoreDataDrivenTest" name="createStoreTest" time="1.327"/>
  <testcase classname="api.test.StoreDataDrivenTest" name="getStoreTest" time="1.446"/>
  <testcase classname="api.test.StoreDataDrivenTest" name="getStoreTest" time="1.627"/>
  <testcase classname="api.test.StoreDataDrivenTest" name="getStoreTest" time="4.808"/>
  <testcase classname="api.test.StoreDataDrivenTest" name="getStoreTest" time="1.278"/>
  <testcase classname="api.test.StoreDataDrivenTest" name="getStoreTest" time="1.287"/>
  <testcase classname="api.test.StoreDataDrivenTest" name="getStoreTest" time="1.266"/>
  <testcase classname="api.test.StoreDataDrivenTest" name="getStoreTest" time="1.271"/>
  <testcase classname="api.test.StoreDataDrivenTest" name="getStoreTest" time="1.326"/>
  <testcase classname="api.test.StoreDataDrivenTest" name="deleteStoreTest" time="1.382"/>
  <testcase classname="api.test.StoreDataDrivenTest" name="deleteStoreTest" time="1.508"/>
  <testcase classname="api.test.StoreDataDrivenTest" name="deleteStoreTest" time="1.278"/>
  <testcase classname="api.test.StoreDataDrivenTest" name="deleteStoreTest" time="1.281"/>
  <testcase classname="api.test.StoreDataDrivenTest" name="deleteStoreTest" time="1.278"/>
  <testcase classname="api.test.StoreDataDrivenTest" name="deleteStoreTest" time="1.277"/>
  <testcase classname="api.test.StoreDataDrivenTest" name="deleteStoreTest" time="1.276"/>
  <testcase classname="api.test.StoreDataDrivenTest" name="deleteStoreTest" time="1.316"/>
</testsuite> <!-- StoreTest -->
