<?xml version="1.0" encoding="UTF-8"?>
<!-- Generated by org.testng.reporters.JUnitXMLReporter -->
<testsuite ignored="0" hostname="DESKTOP-1UR8HFJ" failures="0" tests="24" name="StoreTest" time="37.603" errors="0" timestamp="2024-10-26T22:29:16 IST">
  <testcase classname="api.test.StoreDataDrivenTest" name="createStoreTest" time="3.697"/>
  <testcase classname="api.test.StoreDataDrivenTest" name="createStoreTest" time="1.285"/>
  <testcase classname="api.test.StoreDataDrivenTest" name="createStoreTest" time="1.326"/>
  <testcase classname="api.test.StoreDataDrivenTest" name="createStoreTest" time="2.046"/>
  <testcase classname="api.test.StoreDataDrivenTest" name="createStoreTest" time="1.297"/>
  <testcase classname="api.test.StoreDataDrivenTest" name="createStoreTest" time="1.32"/>
  <testcase classname="api.test.StoreDataDrivenTest" name="createStoreTest" time="1.263"/>
  <testcase classname="api.test.StoreDataDrivenTest" name="createStoreTest" time="1.265"/>
  <testcase classname="api.test.StoreDataDrivenTest" name="getStoreTest" time="1.356"/>
  <testcase classname="api.test.StoreDataDrivenTest" name="getStoreTest" time="1.299"/>
  <testcase classname="api.test.StoreDataDrivenTest" name="getStoreTest" time="1.247"/>
  <testcase classname="api.test.StoreDataDrivenTest" name="getStoreTest" time="1.279"/>
  <testcase classname="api.test.StoreDataDrivenTest" name="getStoreTest" time="1.31"/>
  <testcase classname="api.test.StoreDataDrivenTest" name="getStoreTest" time="1.271"/>
  <testcase classname="api.test.StoreDataDrivenTest" name="getStoreTest" time="1.298"/>
  <testcase classname="api.test.StoreDataDrivenTest" name="getStoreTest" time="1.275"/>
  <testcase classname="api.test.StoreDataDrivenTest" name="deleteStoreTest" time="1.265"/>
  <testcase classname="api.test.StoreDataDrivenTest" name="deleteStoreTest" time="1.284"/>
  <testcase classname="api.test.StoreDataDrivenTest" name="deleteStoreTest" time="1.255"/>
  <testcase classname="api.test.StoreDataDrivenTest" name="deleteStoreTest" time="1.27"/>
  <testcase classname="api.test.StoreDataDrivenTest" name="deleteStoreTest" time="1.31"/>
  <testcase classname="api.test.StoreDataDrivenTest" name="deleteStoreTest" time="1.36"/>
  <testcase classname="api.test.StoreDataDrivenTest" name="deleteStoreTest" time="1.322"/>
  <testcase classname="api.test.StoreDataDrivenTest" name="deleteStoreTest" time="1.303"/>
</testsuite> <!-- StoreTest -->
