<?xml version="1.0" encoding="UTF-8"?>
<!-- Generated by org.testng.reporters.JUnitXMLReporter -->
<testsuite ignored="0" hostname="DESKTOP-1UR8HFJ" failures="0" tests="4" name="Default test" time="9.056" errors="0" timestamp="2024-10-26T12:15:06 IST">
  <testcase classname="api.test.UserTestCases" name="testPostUser" time="4.492"/>
  <testcase classname="api.test.UserTestCases" name="testGetUserbyname" time="1.397"/>
  <testcase classname="api.test.UserTestCases" name="testUpdateUserbyname" time="1.378"/>
  <testcase classname="api.test.UserTestCases" name="testDeleteUserbyname" time="1.368"/>
</testsuite> <!-- Default test -->
