<?xml version="1.0" encoding="UTF-8"?>
<!-- Generated by org.testng.reporters.JUnitXMLReporter -->
<testsuite ignored="0" hostname="DESKTOP-1UR8HFJ" failures="0" tests="8" name="Default test" time="15.507" errors="0" timestamp="2024-10-26T12:44:45 IST">
  <testcase classname="api.test.DDTests" name="testPostUser" time="3.763"/>
  <testcase classname="api.test.DDTests" name="testPostUser" time="1.377"/>
  <testcase classname="api.test.DDTests" name="testPostUser" time="1.382"/>
  <testcase classname="api.test.DDTests" name="testPostUser" time="1.385"/>
  <testcase classname="api.test.DDTests" name="testPostUser" time="1.413"/>
  <testcase classname="api.test.DDTests" name="testPostUser" time="1.415"/>
  <testcase classname="api.test.DDTests" name="testPostUser" time="1.373"/>
  <testcase classname="api.test.DDTests" name="testPostUser" time="1.378"/>
</testsuite> <!-- Default test -->
