<?xml version="1.0" encoding="UTF-8"?>
<testng-results ignored="0" total="24" passed="24" failed="0" skipped="0">
  <reporter-output>
  </reporter-output>
  <suite started-at="2024-10-26T22:28:38 IST" name="StoreSuite" finished-at="2024-10-26T22:29:16 IST" duration-ms="37603">
    <groups>
    </groups>
    <test started-at="2024-10-26T22:28:38 IST" name="StoreTest" finished-at="2024-10-26T22:29:16 IST" duration-ms="37603">
      <class name="api.test.StoreDataDrivenTest">
        <test-method signature="createStoreTest(java.lang.String,java.lang.String,java.lang.String,java.lang.String,java.lang.String,java.lang.String)[pri:1, instance:api.test.StoreDataDrivenTest@9353778]" started-at="2024-10-26T22:28:41 IST" name="createStoreTest" data-provider="StoreData" finished-at="2024-10-26T22:28:45 IST" duration-ms="3697" status="PASS">
          <params>
            <param index="0">
              <value>
                <![CDATA[1010]]>
              </value>
            </param>
            <param index="1">
              <value>
                <![CDATA[123]]>
              </value>
            </param>
            <param index="2">
              <value>
                <![CDATA[34]]>
              </value>
            </param>
            <param index="3">
              <value>
                <![CDATA[2024-10-26T15:33:18.166Z]]>
              </value>
            </param>
            <param index="4">
              <value>
                <![CDATA[placed]]>
              </value>
            </param>
            <param index="5">
              <value>
                <![CDATA[TRUE]]>
              </value>
            </param>
          </params>
          <reporter-output>
          </reporter-output>
        </test-method> <!-- createStoreTest -->
        <test-method signature="createStoreTest(java.lang.String,java.lang.String,java.lang.String,java.lang.String,java.lang.String,java.lang.String)[pri:1, instance:api.test.StoreDataDrivenTest@9353778]" started-at="2024-10-26T22:28:45 IST" name="createStoreTest" data-provider="StoreData" finished-at="2024-10-26T22:28:46 IST" duration-ms="1285" status="PASS">
          <params>
            <param index="0">
              <value>
                <![CDATA[1020]]>
              </value>
            </param>
            <param index="1">
              <value>
                <![CDATA[234]]>
              </value>
            </param>
            <param index="2">
              <value>
                <![CDATA[12]]>
              </value>
            </param>
            <param index="3">
              <value>
                <![CDATA[2024-10-26T15:33:18.166Z]]>
              </value>
            </param>
            <param index="4">
              <value>
                <![CDATA[placed]]>
              </value>
            </param>
            <param index="5">
              <value>
                <![CDATA[TRUE]]>
              </value>
            </param>
          </params>
          <reporter-output>
          </reporter-output>
        </test-method> <!-- createStoreTest -->
        <test-method signature="createStoreTest(java.lang.String,java.lang.String,java.lang.String,java.lang.String,java.lang.String,java.lang.String)[pri:1, instance:api.test.StoreDataDrivenTest@9353778]" started-at="2024-10-26T22:28:46 IST" name="createStoreTest" data-provider="StoreData" finished-at="2024-10-26T22:28:48 IST" duration-ms="1326" status="PASS">
          <params>
            <param index="0">
              <value>
                <![CDATA[1030]]>
              </value>
            </param>
            <param index="1">
              <value>
                <![CDATA[456]]>
              </value>
            </param>
            <param index="2">
              <value>
                <![CDATA[34]]>
              </value>
            </param>
            <param index="3">
              <value>
                <![CDATA[2024-10-26T15:33:18.166Z]]>
              </value>
            </param>
            <param index="4">
              <value>
                <![CDATA[approved]]>
              </value>
            </param>
            <param index="5">
              <value>
                <![CDATA[TRUE]]>
              </value>
            </param>
          </params>
          <reporter-output>
          </reporter-output>
        </test-method> <!-- createStoreTest -->
        <test-method signature="createStoreTest(java.lang.String,java.lang.String,java.lang.String,java.lang.String,java.lang.String,java.lang.String)[pri:1, instance:api.test.StoreDataDrivenTest@9353778]" started-at="2024-10-26T22:28:48 IST" name="createStoreTest" data-provider="StoreData" finished-at="2024-10-26T22:28:50 IST" duration-ms="2046" status="PASS">
          <params>
            <param index="0">
              <value>
                <![CDATA[1040]]>
              </value>
            </param>
            <param index="1">
              <value>
                <![CDATA[678]]>
              </value>
            </param>
            <param index="2">
              <value>
                <![CDATA[56]]>
              </value>
            </param>
            <param index="3">
              <value>
                <![CDATA[2024-10-26T15:33:18.166Z]]>
              </value>
            </param>
            <param index="4">
              <value>
                <![CDATA[approved]]>
              </value>
            </param>
            <param index="5">
              <value>
                <![CDATA[TRUE]]>
              </value>
            </param>
          </params>
          <reporter-output>
          </reporter-output>
        </test-method> <!-- createStoreTest -->
        <test-method signature="createStoreTest(java.lang.String,java.lang.String,java.lang.String,java.lang.String,java.lang.String,java.lang.String)[pri:1, instance:api.test.StoreDataDrivenTest@9353778]" started-at="2024-10-26T22:28:50 IST" name="createStoreTest" data-provider="StoreData" finished-at="2024-10-26T22:28:51 IST" duration-ms="1297" status="PASS">
          <params>
            <param index="0">
              <value>
                <![CDATA[1050]]>
              </value>
            </param>
            <param index="1">
              <value>
                <![CDATA[234]]>
              </value>
            </param>
            <param index="2">
              <value>
                <![CDATA[24]]>
              </value>
            </param>
            <param index="3">
              <value>
                <![CDATA[2024-10-26T15:33:18.166Z]]>
              </value>
            </param>
            <param index="4">
              <value>
                <![CDATA[placed]]>
              </value>
            </param>
            <param index="5">
              <value>
                <![CDATA[TRUE]]>
              </value>
            </param>
          </params>
          <reporter-output>
          </reporter-output>
        </test-method> <!-- createStoreTest -->
        <test-method signature="createStoreTest(java.lang.String,java.lang.String,java.lang.String,java.lang.String,java.lang.String,java.lang.String)[pri:1, instance:api.test.StoreDataDrivenTest@9353778]" started-at="2024-10-26T22:28:51 IST" name="createStoreTest" data-provider="StoreData" finished-at="2024-10-26T22:28:52 IST" duration-ms="1320" status="PASS">
          <params>
            <param index="0">
              <value>
                <![CDATA[1060]]>
              </value>
            </param>
            <param index="1">
              <value>
                <![CDATA[643]]>
              </value>
            </param>
            <param index="2">
              <value>
                <![CDATA[22]]>
              </value>
            </param>
            <param index="3">
              <value>
                <![CDATA[2024-10-26T15:33:18.166Z]]>
              </value>
            </param>
            <param index="4">
              <value>
                <![CDATA[placed]]>
              </value>
            </param>
            <param index="5">
              <value>
                <![CDATA[TRUE]]>
              </value>
            </param>
          </params>
          <reporter-output>
          </reporter-output>
        </test-method> <!-- createStoreTest -->
        <test-method signature="createStoreTest(java.lang.String,java.lang.String,java.lang.String,java.lang.String,java.lang.String,java.lang.String)[pri:1, instance:api.test.StoreDataDrivenTest@9353778]" started-at="2024-10-26T22:28:52 IST" name="createStoreTest" data-provider="StoreData" finished-at="2024-10-26T22:28:54 IST" duration-ms="1263" status="PASS">
          <params>
            <param index="0">
              <value>
                <![CDATA[1070]]>
              </value>
            </param>
            <param index="1">
              <value>
                <![CDATA[564]]>
              </value>
            </param>
            <param index="2">
              <value>
                <![CDATA[45]]>
              </value>
            </param>
            <param index="3">
              <value>
                <![CDATA[2024-10-26T15:33:18.166Z]]>
              </value>
            </param>
            <param index="4">
              <value>
                <![CDATA[delivered]]>
              </value>
            </param>
            <param index="5">
              <value>
                <![CDATA[FALSE]]>
              </value>
            </param>
          </params>
          <reporter-output>
          </reporter-output>
        </test-method> <!-- createStoreTest -->
        <test-method signature="createStoreTest(java.lang.String,java.lang.String,java.lang.String,java.lang.String,java.lang.String,java.lang.String)[pri:1, instance:api.test.StoreDataDrivenTest@9353778]" started-at="2024-10-26T22:28:54 IST" name="createStoreTest" data-provider="StoreData" finished-at="2024-10-26T22:28:55 IST" duration-ms="1265" status="PASS">
          <params>
            <param index="0">
              <value>
                <![CDATA[1080]]>
              </value>
            </param>
            <param index="1">
              <value>
                <![CDATA[335]]>
              </value>
            </param>
            <param index="2">
              <value>
                <![CDATA[22]]>
              </value>
            </param>
            <param index="3">
              <value>
                <![CDATA[2024-10-26T15:33:18.166Z]]>
              </value>
            </param>
            <param index="4">
              <value>
                <![CDATA[delivered]]>
              </value>
            </param>
            <param index="5">
              <value>
                <![CDATA[FALSE]]>
              </value>
            </param>
          </params>
          <reporter-output>
          </reporter-output>
        </test-method> <!-- createStoreTest -->
        <test-method signature="getStoreTest(java.lang.String)[pri:2, instance:api.test.StoreDataDrivenTest@9353778]" started-at="2024-10-26T22:28:55 IST" name="getStoreTest" data-provider="StoreId" finished-at="2024-10-26T22:28:56 IST" duration-ms="1356" status="PASS">
          <params>
            <param index="0">
              <value>
                <![CDATA[1010]]>
              </value>
            </param>
          </params>
          <reporter-output>
          </reporter-output>
        </test-method> <!-- getStoreTest -->
        <test-method signature="getStoreTest(java.lang.String)[pri:2, instance:api.test.StoreDataDrivenTest@9353778]" started-at="2024-10-26T22:28:56 IST" name="getStoreTest" data-provider="StoreId" finished-at="2024-10-26T22:28:58 IST" duration-ms="1299" status="PASS">
          <params>
            <param index="0">
              <value>
                <![CDATA[1020]]>
              </value>
            </param>
          </params>
          <reporter-output>
          </reporter-output>
        </test-method> <!-- getStoreTest -->
        <test-method signature="getStoreTest(java.lang.String)[pri:2, instance:api.test.StoreDataDrivenTest@9353778]" started-at="2024-10-26T22:28:58 IST" name="getStoreTest" data-provider="StoreId" finished-at="2024-10-26T22:28:59 IST" duration-ms="1247" status="PASS">
          <params>
            <param index="0">
              <value>
                <![CDATA[1030]]>
              </value>
            </param>
          </params>
          <reporter-output>
          </reporter-output>
        </test-method> <!-- getStoreTest -->
        <test-method signature="getStoreTest(java.lang.String)[pri:2, instance:api.test.StoreDataDrivenTest@9353778]" started-at="2024-10-26T22:28:59 IST" name="getStoreTest" data-provider="StoreId" finished-at="2024-10-26T22:29:00 IST" duration-ms="1279" status="PASS">
          <params>
            <param index="0">
              <value>
                <![CDATA[1040]]>
              </value>
            </param>
          </params>
          <reporter-output>
          </reporter-output>
        </test-method> <!-- getStoreTest -->
        <test-method signature="getStoreTest(java.lang.String)[pri:2, instance:api.test.StoreDataDrivenTest@9353778]" started-at="2024-10-26T22:29:00 IST" name="getStoreTest" data-provider="StoreId" finished-at="2024-10-26T22:29:02 IST" duration-ms="1310" status="PASS">
          <params>
            <param index="0">
              <value>
                <![CDATA[1050]]>
              </value>
            </param>
          </params>
          <reporter-output>
          </reporter-output>
        </test-method> <!-- getStoreTest -->
        <test-method signature="getStoreTest(java.lang.String)[pri:2, instance:api.test.StoreDataDrivenTest@9353778]" started-at="2024-10-26T22:29:02 IST" name="getStoreTest" data-provider="StoreId" finished-at="2024-10-26T22:29:03 IST" duration-ms="1271" status="PASS">
          <params>
            <param index="0">
              <value>
                <![CDATA[1060]]>
              </value>
            </param>
          </params>
          <reporter-output>
          </reporter-output>
        </test-method> <!-- getStoreTest -->
        <test-method signature="getStoreTest(java.lang.String)[pri:2, instance:api.test.StoreDataDrivenTest@9353778]" started-at="2024-10-26T22:29:03 IST" name="getStoreTest" data-provider="StoreId" finished-at="2024-10-26T22:29:04 IST" duration-ms="1298" status="PASS">
          <params>
            <param index="0">
              <value>
                <![CDATA[1070]]>
              </value>
            </param>
          </params>
          <reporter-output>
          </reporter-output>
        </test-method> <!-- getStoreTest -->
        <test-method signature="getStoreTest(java.lang.String)[pri:2, instance:api.test.StoreDataDrivenTest@9353778]" started-at="2024-10-26T22:29:04 IST" name="getStoreTest" data-provider="StoreId" finished-at="2024-10-26T22:29:05 IST" duration-ms="1275" status="PASS">
          <params>
            <param index="0">
              <value>
                <![CDATA[1080]]>
              </value>
            </param>
          </params>
          <reporter-output>
          </reporter-output>
        </test-method> <!-- getStoreTest -->
        <test-method signature="deleteStoreTest(java.lang.String)[pri:3, instance:api.test.StoreDataDrivenTest@9353778]" started-at="2024-10-26T22:29:06 IST" name="deleteStoreTest" data-provider="StoreId" finished-at="2024-10-26T22:29:07 IST" duration-ms="1265" status="PASS">
          <params>
            <param index="0">
              <value>
                <![CDATA[1010]]>
              </value>
            </param>
          </params>
          <reporter-output>
          </reporter-output>
        </test-method> <!-- deleteStoreTest -->
        <test-method signature="deleteStoreTest(java.lang.String)[pri:3, instance:api.test.StoreDataDrivenTest@9353778]" started-at="2024-10-26T22:29:07 IST" name="deleteStoreTest" data-provider="StoreId" finished-at="2024-10-26T22:29:08 IST" duration-ms="1284" status="PASS">
          <params>
            <param index="0">
              <value>
                <![CDATA[1020]]>
              </value>
            </param>
          </params>
          <reporter-output>
          </reporter-output>
        </test-method> <!-- deleteStoreTest -->
        <test-method signature="deleteStoreTest(java.lang.String)[pri:3, instance:api.test.StoreDataDrivenTest@9353778]" started-at="2024-10-26T22:29:08 IST" name="deleteStoreTest" data-provider="StoreId" finished-at="2024-10-26T22:29:09 IST" duration-ms="1255" status="PASS">
          <params>
            <param index="0">
              <value>
                <![CDATA[1030]]>
              </value>
            </param>
          </params>
          <reporter-output>
          </reporter-output>
        </test-method> <!-- deleteStoreTest -->
        <test-method signature="deleteStoreTest(java.lang.String)[pri:3, instance:api.test.StoreDataDrivenTest@9353778]" started-at="2024-10-26T22:29:09 IST" name="deleteStoreTest" data-provider="StoreId" finished-at="2024-10-26T22:29:11 IST" duration-ms="1270" status="PASS">
          <params>
            <param index="0">
              <value>
                <![CDATA[1040]]>
              </value>
            </param>
          </params>
          <reporter-output>
          </reporter-output>
        </test-method> <!-- deleteStoreTest -->
        <test-method signature="deleteStoreTest(java.lang.String)[pri:3, instance:api.test.StoreDataDrivenTest@9353778]" started-at="2024-10-26T22:29:11 IST" name="deleteStoreTest" data-provider="StoreId" finished-at="2024-10-26T22:29:12 IST" duration-ms="1310" status="PASS">
          <params>
            <param index="0">
              <value>
                <![CDATA[1050]]>
              </value>
            </param>
          </params>
          <reporter-output>
          </reporter-output>
        </test-method> <!-- deleteStoreTest -->
        <test-method signature="deleteStoreTest(java.lang.String)[pri:3, instance:api.test.StoreDataDrivenTest@9353778]" started-at="2024-10-26T22:29:12 IST" name="deleteStoreTest" data-provider="StoreId" finished-at="2024-10-26T22:29:13 IST" duration-ms="1360" status="PASS">
          <params>
            <param index="0">
              <value>
                <![CDATA[1060]]>
              </value>
            </param>
          </params>
          <reporter-output>
          </reporter-output>
        </test-method> <!-- deleteStoreTest -->
        <test-method signature="deleteStoreTest(java.lang.String)[pri:3, instance:api.test.StoreDataDrivenTest@9353778]" started-at="2024-10-26T22:29:13 IST" name="deleteStoreTest" data-provider="StoreId" finished-at="2024-10-26T22:29:15 IST" duration-ms="1322" status="PASS">
          <params>
            <param index="0">
              <value>
                <![CDATA[1070]]>
              </value>
            </param>
          </params>
          <reporter-output>
          </reporter-output>
        </test-method> <!-- deleteStoreTest -->
        <test-method signature="deleteStoreTest(java.lang.String)[pri:3, instance:api.test.StoreDataDrivenTest@9353778]" started-at="2024-10-26T22:29:15 IST" name="deleteStoreTest" data-provider="StoreId" finished-at="2024-10-26T22:29:16 IST" duration-ms="1303" status="PASS">
          <params>
            <param index="0">
              <value>
                <![CDATA[1080]]>
              </value>
            </param>
          </params>
          <reporter-output>
          </reporter-output>
        </test-method> <!-- deleteStoreTest -->
      </class> <!-- api.test.StoreDataDrivenTest -->
    </test> <!-- StoreTest -->
  </suite> <!-- StoreSuite -->
</testng-results>
