<?xml version="1.0" encoding="UTF-8"?>
<testsuite xmlns:xsi="http://www.w3.org/2001/XMLSchema-instance" xsi:noNamespaceSchemaLocation="https://maven.apache.org/surefire/maven-surefire-plugin/xsd/surefire-test-report.xsd" version="3.0.2" name="TestSuite" time="38.674" tests="24" errors="0" skipped="0" failures="0">
  <properties>
[...]
</properties>
  <testcase name="createStoreTest[1010, 123, 34, 2024-10-26T15:33:18.166Z, placed, TRUE](1)" classname="api.test.StoreDataDrivenTest" time="3.714">
    <system-out><![CDATA[HTTP/1.1 200 OK
Date: Sat, 26 Oct 2024 16:58:46 GMT
Content-Type: application/json
Transfer-Encoding: chunked
Connection: keep-alive
Access-Control-Allow-Origin: *
Access-Control-Allow-Methods: GET, POST, DELETE, PUT
Access-Control-Allow-Headers: Content-Type, api_key, Authorization
Server: Jetty(9.2.9.v20150224)

{
    "id": 1010,
    "petId": 123,
    "quantity": 34,
    "shipDate": "2024-10-26T15:33:18.166+0000",
    "status": "placed",
    "complete": true
}
]]></system-out>
    <system-err><![CDATA[SLF4J: Failed to load class "org.slf4j.impl.StaticLoggerBinder".
SLF4J: Defaulting to no-operation (NOP) logger implementation
SLF4J: See http://www.slf4j.org/codes.html#StaticLoggerBinder for further details.
]]></system-err>
  </testcase>
  <testcase name="createStoreTest[1020, 234, 12, 2024-10-26T15:33:18.166Z, placed, TRUE](2)" classname="api.test.StoreDataDrivenTest" time="1.299">
    <system-out><![CDATA[HTTP/1.1 200 OK
Date: Sat, 26 Oct 2024 16:58:47 GMT
Content-Type: application/json
Transfer-Encoding: chunked
Connection: keep-alive
Access-Control-Allow-Origin: *
Access-Control-Allow-Methods: GET, POST, DELETE, PUT
Access-Control-Allow-Headers: Content-Type, api_key, Authorization
Server: Jetty(9.2.9.v20150224)

{
    "id": 1020,
    "petId": 234,
    "quantity": 12,
    "shipDate": "2024-10-26T15:33:18.166+0000",
    "status": "placed",
    "complete": true
}
]]></system-out>
  </testcase>
  <testcase name="createStoreTest[1030, 456, 34, 2024-10-26T15:33:18.166Z, approved, TRUE](3)" classname="api.test.StoreDataDrivenTest" time="1.327">
    <system-out><![CDATA[HTTP/1.1 200 OK
Date: Sat, 26 Oct 2024 16:58:48 GMT
Content-Type: application/json
Transfer-Encoding: chunked
Connection: keep-alive
Access-Control-Allow-Origin: *
Access-Control-Allow-Methods: GET, POST, DELETE, PUT
Access-Control-Allow-Headers: Content-Type, api_key, Authorization
Server: Jetty(9.2.9.v20150224)

{
    "id": 1030,
    "petId": 456,
    "quantity": 34,
    "shipDate": "2024-10-26T15:33:18.166+0000",
    "status": "approved",
    "complete": true
}
]]></system-out>
  </testcase>
  <testcase name="createStoreTest[1040, 678, 56, 2024-10-26T15:33:18.166Z, approved, TRUE](4)" classname="api.test.StoreDataDrivenTest" time="2.033">
    <system-out><![CDATA[HTTP/1.1 200 OK
Date: Sat, 26 Oct 2024 16:58:50 GMT
Content-Type: application/json
Transfer-Encoding: chunked
Connection: keep-alive
Access-Control-Allow-Origin: *
Access-Control-Allow-Methods: GET, POST, DELETE, PUT
Access-Control-Allow-Headers: Content-Type, api_key, Authorization
Server: Jetty(9.2.9.v20150224)

{
    "id": 1040,
    "petId": 678,
    "quantity": 56,
    "shipDate": "2024-10-26T15:33:18.166+0000",
    "status": "approved",
    "complete": true
}
]]></system-out>
  </testcase>
  <testcase name="createStoreTest[1050, 234, 24, 2024-10-26T15:33:18.166Z, placed, TRUE](5)" classname="api.test.StoreDataDrivenTest" time="1.315">
    <system-out><![CDATA[HTTP/1.1 200 OK
Date: Sat, 26 Oct 2024 16:58:52 GMT
Content-Type: application/json
Transfer-Encoding: chunked
Connection: keep-alive
Access-Control-Allow-Origin: *
Access-Control-Allow-Methods: GET, POST, DELETE, PUT
Access-Control-Allow-Headers: Content-Type, api_key, Authorization
Server: Jetty(9.2.9.v20150224)

{
    "id": 1050,
    "petId": 234,
    "quantity": 24,
    "shipDate": "2024-10-26T15:33:18.166+0000",
    "status": "placed",
    "complete": true
}
]]></system-out>
  </testcase>
  <testcase name="createStoreTest[1060, 643, 22, 2024-10-26T15:33:18.166Z, placed, TRUE](6)" classname="api.test.StoreDataDrivenTest" time="1.333">
    <system-out><![CDATA[HTTP/1.1 200 OK
Date: Sat, 26 Oct 2024 16:58:53 GMT
Content-Type: application/json
Transfer-Encoding: chunked
Connection: keep-alive
Access-Control-Allow-Origin: *
Access-Control-Allow-Methods: GET, POST, DELETE, PUT
Access-Control-Allow-Headers: Content-Type, api_key, Authorization
Server: Jetty(9.2.9.v20150224)

{
    "id": 1060,
    "petId": 643,
    "quantity": 22,
    "shipDate": "2024-10-26T15:33:18.166+0000",
    "status": "placed",
    "complete": true
}
]]></system-out>
  </testcase>
  <testcase name="createStoreTest[1070, 564, 45, 2024-10-26T15:33:18.166Z, delivered, FALSE](7)" classname="api.test.StoreDataDrivenTest" time="1.253">
    <system-out><![CDATA[HTTP/1.1 200 OK
Date: Sat, 26 Oct 2024 16:58:54 GMT
Content-Type: application/json
Transfer-Encoding: chunked
Connection: keep-alive
Access-Control-Allow-Origin: *
Access-Control-Allow-Methods: GET, POST, DELETE, PUT
Access-Control-Allow-Headers: Content-Type, api_key, Authorization
Server: Jetty(9.2.9.v20150224)

{
    "id": 1070,
    "petId": 564,
    "quantity": 45,
    "shipDate": "2024-10-26T15:33:18.166+0000",
    "status": "delivered",
    "complete": false
}
]]></system-out>
  </testcase>
  <testcase name="createStoreTest[1080, 335, 22, 2024-10-26T15:33:18.166Z, delivered, FALSE](8)" classname="api.test.StoreDataDrivenTest" time="1.266">
    <system-out><![CDATA[HTTP/1.1 200 OK
Date: Sat, 26 Oct 2024 16:58:56 GMT
Content-Type: application/json
Transfer-Encoding: chunked
Connection: keep-alive
Access-Control-Allow-Origin: *
Access-Control-Allow-Methods: GET, POST, DELETE, PUT
Access-Control-Allow-Headers: Content-Type, api_key, Authorization
Server: Jetty(9.2.9.v20150224)

{
    "id": 1080,
    "petId": 335,
    "quantity": 22,
    "shipDate": "2024-10-26T15:33:18.166+0000",
    "status": "delivered",
    "complete": false
}
]]></system-out>
  </testcase>
  <testcase name="getStoreTest[1010](1)" classname="api.test.StoreDataDrivenTest" time="1.359">
    <system-out><![CDATA[HTTP/1.1 200 OK
Date: Sat, 26 Oct 2024 16:58:57 GMT
Content-Type: application/json
Transfer-Encoding: chunked
Connection: keep-alive
Access-Control-Allow-Origin: *
Access-Control-Allow-Methods: GET, POST, DELETE, PUT
Access-Control-Allow-Headers: Content-Type, api_key, Authorization
Server: Jetty(9.2.9.v20150224)

{
    "id": 1010,
    "petId": 123,
    "quantity": 34,
    "shipDate": "2024-10-26T15:33:18.166+0000",
    "status": "placed",
    "complete": true
}
]]></system-out>
  </testcase>
  <testcase name="getStoreTest[1020](2)" classname="api.test.StoreDataDrivenTest" time="1.31">
    <system-out><![CDATA[HTTP/1.1 200 OK
Date: Sat, 26 Oct 2024 16:58:58 GMT
Content-Type: application/json
Transfer-Encoding: chunked
Connection: keep-alive
Access-Control-Allow-Origin: *
Access-Control-Allow-Methods: GET, POST, DELETE, PUT
Access-Control-Allow-Headers: Content-Type, api_key, Authorization
Server: Jetty(9.2.9.v20150224)

{
    "id": 1020,
    "petId": 234,
    "quantity": 12,
    "shipDate": "2024-10-26T15:33:18.166+0000",
    "status": "placed",
    "complete": true
}
]]></system-out>
  </testcase>
  <testcase name="getStoreTest[1030](3)" classname="api.test.StoreDataDrivenTest" time="1.242">
    <system-out><![CDATA[HTTP/1.1 200 OK
Date: Sat, 26 Oct 2024 16:59:00 GMT
Content-Type: application/json
Transfer-Encoding: chunked
Connection: keep-alive
Access-Control-Allow-Origin: *
Access-Control-Allow-Methods: GET, POST, DELETE, PUT
Access-Control-Allow-Headers: Content-Type, api_key, Authorization
Server: Jetty(9.2.9.v20150224)

{
    "id": 1030,
    "petId": 456,
    "quantity": 34,
    "shipDate": "2024-10-26T15:33:18.166+0000",
    "status": "approved",
    "complete": true
}
]]></system-out>
  </testcase>
  <testcase name="getStoreTest[1040](4)" classname="api.test.StoreDataDrivenTest" time="1.302">
    <system-out><![CDATA[HTTP/1.1 200 OK
Date: Sat, 26 Oct 2024 16:59:01 GMT
Content-Type: application/json
Transfer-Encoding: chunked
Connection: keep-alive
Access-Control-Allow-Origin: *
Access-Control-Allow-Methods: GET, POST, DELETE, PUT
Access-Control-Allow-Headers: Content-Type, api_key, Authorization
Server: Jetty(9.2.9.v20150224)

{
    "id": 1040,
    "petId": 678,
    "quantity": 56,
    "shipDate": "2024-10-26T15:33:18.166+0000",
    "status": "approved",
    "complete": true
}
]]></system-out>
  </testcase>
  <testcase name="getStoreTest[1050](5)" classname="api.test.StoreDataDrivenTest" time="1.295">
    <system-out><![CDATA[HTTP/1.1 200 OK
Date: Sat, 26 Oct 2024 16:59:02 GMT
Content-Type: application/json
Transfer-Encoding: chunked
Connection: keep-alive
Access-Control-Allow-Origin: *
Access-Control-Allow-Methods: GET, POST, DELETE, PUT
Access-Control-Allow-Headers: Content-Type, api_key, Authorization
Server: Jetty(9.2.9.v20150224)

{
    "id": 1050,
    "petId": 234,
    "quantity": 24,
    "shipDate": "2024-10-26T15:33:18.166+0000",
    "status": "placed",
    "complete": true
}
]]></system-out>
  </testcase>
  <testcase name="getStoreTest[1060](6)" classname="api.test.StoreDataDrivenTest" time="1.265">
    <system-out><![CDATA[HTTP/1.1 200 OK
Date: Sat, 26 Oct 2024 16:59:04 GMT
Content-Type: application/json
Transfer-Encoding: chunked
Connection: keep-alive
Access-Control-Allow-Origin: *
Access-Control-Allow-Methods: GET, POST, DELETE, PUT
Access-Control-Allow-Headers: Content-Type, api_key, Authorization
Server: Jetty(9.2.9.v20150224)

{
    "id": 1060,
    "petId": 643,
    "quantity": 22,
    "shipDate": "2024-10-26T15:33:18.166+0000",
    "status": "placed",
    "complete": true
}
]]></system-out>
  </testcase>
  <testcase name="getStoreTest[1070](7)" classname="api.test.StoreDataDrivenTest" time="1.314">
    <system-out><![CDATA[HTTP/1.1 200 OK
Date: Sat, 26 Oct 2024 16:59:05 GMT
Content-Type: application/json
Transfer-Encoding: chunked
Connection: keep-alive
Access-Control-Allow-Origin: *
Access-Control-Allow-Methods: GET, POST, DELETE, PUT
Access-Control-Allow-Headers: Content-Type, api_key, Authorization
Server: Jetty(9.2.9.v20150224)

{
    "id": 1070,
    "petId": 564,
    "quantity": 45,
    "shipDate": "2024-10-26T15:33:18.166+0000",
    "status": "delivered",
    "complete": false
}
]]></system-out>
  </testcase>
  <testcase name="getStoreTest[1080](8)" classname="api.test.StoreDataDrivenTest" time="1.277">
    <system-out><![CDATA[HTTP/1.1 200 OK
Date: Sat, 26 Oct 2024 16:59:06 GMT
Content-Type: application/json
Transfer-Encoding: chunked
Connection: keep-alive
Access-Control-Allow-Origin: *
Access-Control-Allow-Methods: GET, POST, DELETE, PUT
Access-Control-Allow-Headers: Content-Type, api_key, Authorization
Server: Jetty(9.2.9.v20150224)

{
    "id": 1080,
    "petId": 335,
    "quantity": 22,
    "shipDate": "2024-10-26T15:33:18.166+0000",
    "status": "delivered",
    "complete": false
}
]]></system-out>
  </testcase>
  <testcase name="deleteStoreTest[1010](1)" classname="api.test.StoreDataDrivenTest" time="1.275">
    <system-out><![CDATA[HTTP/1.1 200 OK
Date: Sat, 26 Oct 2024 16:59:08 GMT
Content-Type: application/json
Transfer-Encoding: chunked
Connection: keep-alive
Access-Control-Allow-Origin: *
Access-Control-Allow-Methods: GET, POST, DELETE, PUT
Access-Control-Allow-Headers: Content-Type, api_key, Authorization
Server: Jetty(9.2.9.v20150224)

{
    "code": 200,
    "type": "unknown",
    "message": "1010"
}
]]></system-out>
  </testcase>
  <testcase name="deleteStoreTest[1020](2)" classname="api.test.StoreDataDrivenTest" time="1.283">
    <system-out><![CDATA[HTTP/1.1 200 OK
Date: Sat, 26 Oct 2024 16:59:09 GMT
Content-Type: application/json
Transfer-Encoding: chunked
Connection: keep-alive
Access-Control-Allow-Origin: *
Access-Control-Allow-Methods: GET, POST, DELETE, PUT
Access-Control-Allow-Headers: Content-Type, api_key, Authorization
Server: Jetty(9.2.9.v20150224)

{
    "code": 200,
    "type": "unknown",
    "message": "1020"
}
]]></system-out>
  </testcase>
  <testcase name="deleteStoreTest[1030](3)" classname="api.test.StoreDataDrivenTest" time="1.262">
    <system-out><![CDATA[HTTP/1.1 200 OK
Date: Sat, 26 Oct 2024 16:59:10 GMT
Content-Type: application/json
Transfer-Encoding: chunked
Connection: keep-alive
Access-Control-Allow-Origin: *
Access-Control-Allow-Methods: GET, POST, DELETE, PUT
Access-Control-Allow-Headers: Content-Type, api_key, Authorization
Server: Jetty(9.2.9.v20150224)

{
    "code": 200,
    "type": "unknown",
    "message": "1030"
}
]]></system-out>
  </testcase>
  <testcase name="deleteStoreTest[1040](4)" classname="api.test.StoreDataDrivenTest" time="1.267">
    <system-out><![CDATA[HTTP/1.1 200 OK
Date: Sat, 26 Oct 2024 16:59:11 GMT
Content-Type: application/json
Transfer-Encoding: chunked
Connection: keep-alive
Access-Control-Allow-Origin: *
Access-Control-Allow-Methods: GET, POST, DELETE, PUT
Access-Control-Allow-Headers: Content-Type, api_key, Authorization
Server: Jetty(9.2.9.v20150224)

{
    "code": 200,
    "type": "unknown",
    "message": "1040"
}
]]></system-out>
  </testcase>
  <testcase name="deleteStoreTest[1050](5)" classname="api.test.StoreDataDrivenTest" time="1.314">
    <system-out><![CDATA[HTTP/1.1 200 OK
Date: Sat, 26 Oct 2024 16:59:13 GMT
Content-Type: application/json
Transfer-Encoding: chunked
Connection: keep-alive
Access-Control-Allow-Origin: *
Access-Control-Allow-Methods: GET, POST, DELETE, PUT
Access-Control-Allow-Headers: Content-Type, api_key, Authorization
Server: Jetty(9.2.9.v20150224)

{
    "code": 200,
    "type": "unknown",
    "message": "1050"
}
]]></system-out>
  </testcase>
  <testcase name="deleteStoreTest[1060](6)" classname="api.test.StoreDataDrivenTest" time="1.36">
    <system-out><![CDATA[HTTP/1.1 200 OK
Date: Sat, 26 Oct 2024 16:59:14 GMT
Content-Type: application/json
Transfer-Encoding: chunked
Connection: keep-alive
Access-Control-Allow-Origin: *
Access-Control-Allow-Methods: GET, POST, DELETE, PUT
Access-Control-Allow-Headers: Content-Type, api_key, Authorization
Server: Jetty(9.2.9.v20150224)

{
    "code": 200,
    "type": "unknown",
    "message": "1060"
}
]]></system-out>
  </testcase>
  <testcase name="deleteStoreTest[1070](7)" classname="api.test.StoreDataDrivenTest" time="1.328">
    <system-out><![CDATA[HTTP/1.1 200 OK
Date: Sat, 26 Oct 2024 16:59:15 GMT
Content-Type: application/json
Transfer-Encoding: chunked
Connection: keep-alive
Access-Control-Allow-Origin: *
Access-Control-Allow-Methods: GET, POST, DELETE, PUT
Access-Control-Allow-Headers: Content-Type, api_key, Authorization
Server: Jetty(9.2.9.v20150224)

{
    "code": 200,
    "type": "unknown",
    "message": "1070"
}
]]></system-out>
  </testcase>
  <testcase name="deleteStoreTest[1080](8)" classname="api.test.StoreDataDrivenTest" time="1.294">
    <system-out><![CDATA[HTTP/1.1 200 OK
Date: Sat, 26 Oct 2024 16:59:17 GMT
Content-Type: application/json
Transfer-Encoding: chunked
Connection: keep-alive
Access-Control-Allow-Origin: *
Access-Control-Allow-Methods: GET, POST, DELETE, PUT
Access-Control-Allow-Headers: Content-Type, api_key, Authorization
Server: Jetty(9.2.9.v20150224)

{
    "code": 200,
    "type": "unknown",
    "message": "1080"
}
]]></system-out>
  </testcase>
</testsuite>