<?xml version="1.0" encoding="UTF-8"?>
<testng-results ignored="0" total="4" passed="4" failed="0" skipped="0">
  <reporter-output>
  </reporter-output>
  <suite started-at="2024-10-26T13:07:32 IST" name="PetSuite" finished-at="2024-10-26T13:07:43 IST" duration-ms="11057">
    <groups>
    </groups>
    <test started-at="2024-10-26T13:07:32 IST" name="PetTest" finished-at="2024-10-26T13:07:43 IST" duration-ms="11057">
      <class name="api.test.UserTestCases">
        <test-method is-config="true" signature="setupdata()[pri:0, instance:api.test.UserTestCases@20140db9]" started-at="2024-10-26T13:07:32 IST" name="setupdata" finished-at="2024-10-26T13:07:33 IST" duration-ms="327" status="PASS">
          <reporter-output>
          </reporter-output>
        </test-method> <!-- setupdata -->
        <test-method signature="testPostUser()[pri:1, instance:api.test.UserTestCases@20140db9]" started-at="2024-10-26T13:07:33 IST" name="testPostUser" finished-at="2024-10-26T13:07:37 IST" duration-ms="4833" status="PASS">
          <reporter-output>
          </reporter-output>
        </test-method> <!-- testPostUser -->
        <test-method signature="testGetUserbyname()[pri:2, instance:api.test.UserTestCases@20140db9]" started-at="2024-10-26T13:07:37 IST" name="testGetUserbyname" finished-at="2024-10-26T13:07:39 IST" duration-ms="1927" status="PASS">
          <reporter-output>
          </reporter-output>
        </test-method> <!-- testGetUserbyname -->
        <test-method signature="testUpdateUserbyname()[pri:3, instance:api.test.UserTestCases@20140db9]" started-at="2024-10-26T13:07:39 IST" name="testUpdateUserbyname" finished-at="2024-10-26T13:07:41 IST" duration-ms="1725" status="PASS">
          <reporter-output>
          </reporter-output>
        </test-method> <!-- testUpdateUserbyname -->
        <test-method signature="testDeleteUserbyname()[pri:4, instance:api.test.UserTestCases@20140db9]" started-at="2024-10-26T13:07:41 IST" name="testDeleteUserbyname" finished-at="2024-10-26T13:07:43 IST" duration-ms="1622" status="PASS">
          <reporter-output>
          </reporter-output>
        </test-method> <!-- testDeleteUserbyname -->
      </class> <!-- api.test.UserTestCases -->
    </test> <!-- PetTest -->
  </suite> <!-- PetSuite -->
</testng-results>
