<?xml version="1.0" encoding="UTF-8"?>
<!-- Generated by org.testng.reporters.JUnitXMLReporter -->
<testsuite ignored="0" hostname="DESKTOP-1UR8HFJ" failures="0" tests="4" name="PetTest" time="8.603" errors="0" timestamp="2024-10-26T17:21:17 IST">
  <testcase classname="api.test.UserTestCases2" name="testPostUser" time="3.736"/>
  <testcase classname="api.test.UserTestCases2" name="testGetUserbyname" time="1.301"/>
  <testcase classname="api.test.UserTestCases2" name="testUpdateUserbyname" time="1.286"/>
  <testcase classname="api.test.UserTestCases2" name="testDeleteUserbyname" time="1.325"/>
</testsuite> <!-- PetTest -->
