<?xml version="1.0" encoding="UTF-8"?>
<!-- Generated by org.testng.reporters.JUnitXMLReporter -->
<testsuite ignored="0" hostname="DESKTOP-1UR8HFJ" failures="0" tests="4" name="PetTest" time="11.207" errors="0" timestamp="2024-10-26T13:19:41 IST">
  <testcase classname="api.test.UserTestCases" name="testPostUser" time="4.721"/>
  <testcase classname="api.test.UserTestCases" name="testGetUserbyname" time="1.746"/>
  <testcase classname="api.test.UserTestCases" name="testUpdateUserbyname" time="1.608"/>
  <testcase classname="api.test.UserTestCases" name="testDeleteUserbyname" time="1.715"/>
</testsuite> <!-- PetTest -->
