<?xml version="1.0" encoding="UTF-8"?>
<!-- Generated by org.testng.reporters.JUnitXMLReporter -->
<testsuite ignored="0" hostname="DESKTOP-1UR8HFJ" failures="0" tests="4" name="PetTest" time="8.527" errors="0" timestamp="2024-10-26T16:45:58 IST">
  <testcase classname="api.test.UserTestCases2" name="testPostUser" time="3.58"/>
  <testcase classname="api.test.UserTestCases2" name="testGetUserbyname" time="1.308"/>
  <testcase classname="api.test.UserTestCases2" name="testUpdateUserbyname" time="1.359"/>
  <testcase classname="api.test.UserTestCases2" name="testDeleteUserbyname" time="1.264"/>
</testsuite> <!-- PetTest -->
